#
# There is insufficient memory for the Java Runtime Environment to continue.
# Native memory allocation (malloc) failed to allocate 32744 bytes for ChunkPool::allocate
# Possible reasons:
#   The system is out of physical RAM or swap space
#   The process is running with CompressedOops enabled, and the Java Heap may be blocking the growth of the native heap
# Possible solutions:
#   Reduce memory load on the system
#   Increase physical memory or swap space
#   Check if swap backing store is full
#   Decrease Java heap size (-Xmx/-Xms)
#   Decrease number of Java threads
#   Decrease Java thread stack sizes (-Xss)
#   Set larger code cache with -XX:ReservedCodeCacheSize=
#   JVM is running with Unscaled Compressed Oops mode in which the Java heap is
#     placed in the first 4GB address space. The Java Heap base address is the
#     maximum limit for the native heap growth. Please use -XX:HeapBaseMinAddress
#     to set the Java Heap base and to place the Java Heap above 4GB virtual address.
# This output file may be truncated or incomplete.
#
#  Out of Memory Error (arena.cpp:79), pid=2216, tid=11920
#
# JRE version: Java(TM) SE Runtime Environment (16.0+36) (build 16+36-2231)
# Java VM: Java HotSpot(TM) 64-Bit Server VM (16+36-2231, mixed mode, sharing, tiered, compressed oops, g1 gc, windows-amd64)
# No core dump will be written. Minidumps are not enabled by default on client versions of Windows
#

---------------  S U M M A R Y ------------

Command Line: -Xmx64m -Xms64m -Dorg.gradle.appname=gradlew org.gradle.wrapper.GradleWrapperMain app:installDebug -PreactNativeDevServerPort=8081

Host: AMD Ryzen 3 3200U with Radeon Vega Mobile Gfx  , 4 cores, 3G,  Windows 10 , 64 bit Build 19041 (10.0.19041.2364)
Time: Sat Feb 18 12:07:40 2023 India Standard Time elapsed time: 528.309794 seconds (0d 0h 8m 48s)

---------------  T H R E A D  ---------------

Current thread (0x0000022affca6270):  JavaThread "C2 CompilerThread0" daemon [_thread_in_native, id=11920, stack(0x00000054fff00000,0x0000005500000000)]


Current CompileTask:
C2: 528310 2032       4       org.gradle.internal.logging.console.WorkInProgressRenderer::renderNow (351 bytes)

Stack: [0x00000054fff00000,0x0000005500000000]
Native frames: (J=compiled Java code, j=interpreted, Vv=VM code, C=native code)
V  [jvm.dll+0x6681da]
V  [jvm.dll+0x7c9d99]
V  [jvm.dll+0x7cb4d3]
V  [jvm.dll+0x7cbb33]
V  [jvm.dll+0x242ee5]
V  [jvm.dll+0xae25f]
V  [jvm.dll+0xae5ac]
V  [jvm.dll+0x6097ba]
V  [jvm.dll+0x676ac2]
V  [jvm.dll+0x67ab73]
V  [jvm.dll+0x680667]
V  [jvm.dll+0x67885b]
V  [jvm.dll+0x677e87]
V  [jvm.dll+0x675d5a]
V  [jvm.dll+0x1a4fdc]
V  [jvm.dll+0x2a3ec2]
V  [jvm.dll+0x680b44]
V  [jvm.dll+0x67885b]
V  [jvm.dll+0x677e87]
V  [jvm.dll+0x675d5a]
V  [jvm.dll+0x1a4fdc]
V  [jvm.dll+0x2a3ec2]
V  [jvm.dll+0x680b44]
V  [jvm.dll+0x67885b]
V  [jvm.dll+0x677e87]
V  [jvm.dll+0x675d5a]
V  [jvm.dll+0x1a4fdc]
V  [jvm.dll+0x2a3ec2]
V  [jvm.dll+0x680b44]
V  [jvm.dll+0x67885b]
V  [jvm.dll+0x677e87]
V  [jvm.dll+0x675d5a]
V  [jvm.dll+0x1a4fdc]
V  [jvm.dll+0x1a5c26]
V  [jvm.dll+0x2a3ec2]
V  [jvm.dll+0x680b44]
V  [jvm.dll+0x67885b]
V  [jvm.dll+0x677e87]
V  [jvm.dll+0x675d5a]
V  [jvm.dll+0x1a4fdc]
V  [jvm.dll+0x214f55]
V  [jvm.dll+0x1a1d8b]
V  [jvm.dll+0x225398]
V  [jvm.dll+0x2233dc]
V  [jvm.dll+0x77f9e2]
V  [jvm.dll+0x77952a]
V  [jvm.dll+0x667076]
C  [ucrtbase.dll+0x21bb2]
C  [KERNEL32.DLL+0x17614]
C  [ntdll.dll+0x526a1]


---------------  P R O C E S S  ---------------

Threads class SMR info:
_java_thread_list=0x0000022a8318c040, length=15, elements={
0x0000022ae8efc810, 0x0000022ae8fd9d20, 0x0000022ae8fdabe0, 0x0000022affca0810,
0x0000022affca2130, 0x0000022affca2b30, 0x0000022affca5540, 0x0000022affca6270,
0x0000022affcf5c00, 0x0000022affd17b50, 0x0000022a82831170, 0x0000022a82835d90,
0x0000022a8313a960, 0x0000022a8342d0b0, 0x0000022affce4c10
}

Java Threads: ( => current thread )
  0x0000022ae8efc810 JavaThread "main" [_thread_in_native, id=12456, stack(0x00000054ff200000,0x00000054ff300000)]
  0x0000022ae8fd9d20 JavaThread "Reference Handler" daemon [_thread_blocked, id=9676, stack(0x00000054ff900000,0x00000054ffa00000)]
  0x0000022ae8fdabe0 JavaThread "Finalizer" daemon [_thread_blocked, id=8388, stack(0x00000054ffa00000,0x00000054ffb00000)]
  0x0000022affca0810 JavaThread "Signal Dispatcher" daemon [_thread_blocked, id=10764, stack(0x00000054ffb00000,0x00000054ffc00000)]
  0x0000022affca2130 JavaThread "Attach Listener" daemon [_thread_blocked, id=3128, stack(0x00000054ffc00000,0x00000054ffd00000)]
  0x0000022affca2b30 JavaThread "Service Thread" daemon [_thread_blocked, id=9468, stack(0x00000054ffd00000,0x00000054ffe00000)]
  0x0000022affca5540 JavaThread "Monitor Deflation Thread" daemon [_thread_blocked, id=5680, stack(0x00000054ffe00000,0x00000054fff00000)]
=>0x0000022affca6270 JavaThread "C2 CompilerThread0" daemon [_thread_in_native, id=11920, stack(0x00000054fff00000,0x0000005500000000)]
  0x0000022affcf5c00 JavaThread "C1 CompilerThread0" daemon [_thread_blocked, id=3408, stack(0x0000005480000000,0x0000005480100000)]
  0x0000022affd17b50 JavaThread "Sweeper thread" daemon [_thread_blocked, id=11720, stack(0x0000005480100000,0x0000005480200000)]
  0x0000022a82831170 JavaThread "Notification Thread" daemon [_thread_blocked, id=8452, stack(0x0000005480200000,0x0000005480300000)]
  0x0000022a82835d90 JavaThread "Common-Cleaner" daemon [_thread_blocked, id=5376, stack(0x0000005480400000,0x0000005480500000)]
  0x0000022a8313a960 JavaThread "pool-1-thread-1" [_thread_in_native, id=12320, stack(0x0000005480900000,0x0000005480a00000)]
  0x0000022a8342d0b0 JavaThread "DisconnectableInputStream source reader" daemon [_thread_in_native, id=8064, stack(0x0000005480b00000,0x0000005480c00000)]
  0x0000022affce4c10 JavaThread "Forward input" [_thread_blocked, id=11072, stack(0x0000005480c00000,0x0000005480d00000)]

Other Threads:
  0x0000022ae8fd4a40 VMThread "VM Thread" [stack: 0x00000054ff800000,0x00000054ff900000] [id=4760]
  0x0000022a82835aa0 WatcherThread [stack: 0x0000005480300000,0x0000005480400000] [id=7700]
  0x0000022ae8f1c1f0 GCTaskThread "GC Thread#0" [stack: 0x00000054ff300000,0x00000054ff400000] [id=6212]
  0x0000022a82bd7a30 GCTaskThread "GC Thread#1" [stack: 0x0000005480600000,0x0000005480700000] [id=11256]
  0x0000022a82c2d5b0 GCTaskThread "GC Thread#2" [stack: 0x0000005480700000,0x0000005480800000] [id=332]
  0x0000022a82c2d8c0 GCTaskThread "GC Thread#3" [stack: 0x0000005480800000,0x0000005480900000] [id=11744]
  0x0000022ae8f1eac0 ConcurrentGCThread "G1 Main Marker" [stack: 0x00000054ff400000,0x00000054ff500000] [id=5584]
  0x0000022ae8f1f530 ConcurrentGCThread "G1 Conc#0" [stack: 0x00000054ff500000,0x00000054ff600000] [id=1324]
  0x0000022ae8f6bb40 ConcurrentGCThread "G1 Refine#0" [stack: 0x00000054ff600000,0x00000054ff700000] [id=4852]
  0x0000022ae8f6c5c0 ConcurrentGCThread "G1 Service" [stack: 0x00000054ff700000,0x00000054ff800000] [id=992]

Threads with active compile tasks:
C2 CompilerThread0   528553 2032       4       org.gradle.internal.logging.console.WorkInProgressRenderer::renderNow (351 bytes)

VM state: not at safepoint (normal execution)

VM Mutex/Monitor currently owned by a thread: None

Heap address: 0x00000000fc000000, size: 64 MB, Compressed Oops mode: 32-bit
CDS archive(s) mapped at: [0x0000000800000000-0x0000000800bb0000-0x0000000800bb0000), size 12255232, SharedBaseAddress: 0x0000000800000000, ArchiveRelocationMode: 0.
Compressed class space mapped at: 0x0000000800c00000-0x0000000840c00000, reserved size: 1073741824
Narrow klass base: 0x0000000800000000, Narrow klass shift: 3, Narrow klass range: 0x100000000

GC Precious Log:
 CPUs: 4 total, 4 available
 Memory: 3500M
 Large Page Support: Disabled
 NUMA Support: Disabled
 Compressed Oops: Enabled (32-bit)
 Heap Region Size: 1M
 Heap Min Capacity: 64M
 Heap Initial Capacity: 64M
 Heap Max Capacity: 64M
 Pre-touch: Disabled
 Parallel Workers: 4
 Concurrent Workers: 1
 Concurrent Refinement Workers: 4
 Periodic GC: Disabled

Heap:
 garbage-first heap   total 65536K, used 16384K [0x00000000fc000000, 0x0000000100000000)
  region size 1024K, 8 young (8192K), 2 survivors (2048K)
 Metaspace       used 9923K, committed 10176K, reserved 1064960K
  class space    used 1252K, committed 1344K, reserved 1048576K

Heap Regions: E=young(eden), S=young(survivor), O=old, HS=humongous(starts), HC=humongous(continues), CS=collection set, F=free, OA=open archive, CA=closed archive, TAMS=top-at-mark-start (previous, next)
|   0|0x00000000fc000000, 0x00000000fc100000, 0x00000000fc100000|100%|HS|  |TAMS 0x00000000fc000000, 0x00000000fc000000| Complete 
|   1|0x00000000fc100000, 0x00000000fc200000, 0x00000000fc200000|100%|HC|  |TAMS 0x00000000fc100000, 0x00000000fc100000| Complete 
|   2|0x00000000fc200000, 0x00000000fc300000, 0x00000000fc300000|100%|HC|  |TAMS 0x00000000fc200000, 0x00000000fc200000| Complete 
|   3|0x00000000fc300000, 0x00000000fc400000, 0x00000000fc400000|100%| O|  |TAMS 0x00000000fc300000, 0x00000000fc300000| Untracked 
|   4|0x00000000fc400000, 0x00000000fc500000, 0x00000000fc500000|100%| O|  |TAMS 0x00000000fc400000, 0x00000000fc400000| Untracked 
|   5|0x00000000fc500000, 0x00000000fc600000, 0x00000000fc600000|100%| O|  |TAMS 0x00000000fc500000, 0x00000000fc500000| Untracked 
|   6|0x00000000fc600000, 0x00000000fc700000, 0x00000000fc700000|100%| O|  |TAMS 0x00000000fc600000, 0x00000000fc600000| Untracked 
|   7|0x00000000fc700000, 0x00000000fc800000, 0x00000000fc800000|100%| O|  |TAMS 0x00000000fc700000, 0x00000000fc700000| Untracked 
|   8|0x00000000fc800000, 0x00000000fc900000, 0x00000000fc900000|100%| O|  |TAMS 0x00000000fc800000, 0x00000000fc800000| Untracked 
|   9|0x00000000fc900000, 0x00000000fc9c7c00, 0x00000000fca00000| 78%| O|  |TAMS 0x00000000fc900000, 0x00000000fc900000| Untracked 
|  10|0x00000000fca00000, 0x00000000fca00000, 0x00000000fcb00000|  0%| F|  |TAMS 0x00000000fca00000, 0x00000000fca00000| Untracked 
|  11|0x00000000fcb00000, 0x00000000fcb00000, 0x00000000fcc00000|  0%| F|  |TAMS 0x00000000fcb00000, 0x00000000fcb00000| Untracked 
|  12|0x00000000fcc00000, 0x00000000fcc00000, 0x00000000fcd00000|  0%| F|  |TAMS 0x00000000fcc00000, 0x00000000fcc00000| Untracked 
|  13|0x00000000fcd00000, 0x00000000fcd00000, 0x00000000fce00000|  0%| F|  |TAMS 0x00000000fcd00000, 0x00000000fcd00000| Untracked 
|  14|0x00000000fce00000, 0x00000000fce00000, 0x00000000fcf00000|  0%| F|  |TAMS 0x00000000fce00000, 0x00000000fce00000| Untracked 
|  15|0x00000000fcf00000, 0x00000000fcf00000, 0x00000000fd000000|  0%| F|  |TAMS 0x00000000fcf00000, 0x00000000fcf00000| Untracked 
|  16|0x00000000fd000000, 0x00000000fd000000, 0x00000000fd100000|  0%| F|  |TAMS 0x00000000fd000000, 0x00000000fd000000| Untracked 
|  17|0x00000000fd100000, 0x00000000fd100000, 0x00000000fd200000|  0%| F|  |TAMS 0x00000000fd100000, 0x00000000fd100000| Untracked 
|  18|0x00000000fd200000, 0x00000000fd200000, 0x00000000fd300000|  0%| F|  |TAMS 0x00000000fd200000, 0x00000000fd200000| Untracked 
|  19|0x00000000fd300000, 0x00000000fd300000, 0x00000000fd400000|  0%| F|  |TAMS 0x00000000fd300000, 0x00000000fd300000| Untracked 
|  20|0x00000000fd400000, 0x00000000fd400000, 0x00000000fd500000|  0%| F|  |TAMS 0x00000000fd400000, 0x00000000fd400000| Untracked 
|  21|0x00000000fd500000, 0x00000000fd500000, 0x00000000fd600000|  0%| F|  |TAMS 0x00000000fd500000, 0x00000000fd500000| Untracked 
|  22|0x00000000fd600000, 0x00000000fd600000, 0x00000000fd700000|  0%| F|  |TAMS 0x00000000fd600000, 0x00000000fd600000| Untracked 
|  23|0x00000000fd700000, 0x00000000fd700000, 0x00000000fd800000|  0%| F|  |TAMS 0x00000000fd700000, 0x00000000fd700000| Untracked 
|  24|0x00000000fd800000, 0x00000000fd800000, 0x00000000fd900000|  0%| F|  |TAMS 0x00000000fd800000, 0x00000000fd800000| Untracked 
|  25|0x00000000fd900000, 0x00000000fd900000, 0x00000000fda00000|  0%| F|  |TAMS 0x00000000fd900000, 0x00000000fd900000| Untracked 
|  26|0x00000000fda00000, 0x00000000fda00000, 0x00000000fdb00000|  0%| F|  |TAMS 0x00000000fda00000, 0x00000000fda00000| Untracked 
|  27|0x00000000fdb00000, 0x00000000fdb00000, 0x00000000fdc00000|  0%| F|  |TAMS 0x00000000fdb00000, 0x00000000fdb00000| Untracked 
|  28|0x00000000fdc00000, 0x00000000fdc00000, 0x00000000fdd00000|  0%| F|  |TAMS 0x00000000fdc00000, 0x00000000fdc00000| Untracked 
|  29|0x00000000fdd00000, 0x00000000fdd00000, 0x00000000fde00000|  0%| F|  |TAMS 0x00000000fdd00000, 0x00000000fdd00000| Untracked 
|  30|0x00000000fde00000, 0x00000000fde00000, 0x00000000fdf00000|  0%| F|  |TAMS 0x00000000fde00000, 0x00000000fde00000| Untracked 
|  31|0x00000000fdf00000, 0x00000000fdf00000, 0x00000000fe000000|  0%| F|  |TAMS 0x00000000fdf00000, 0x00000000fdf00000| Untracked 
|  32|0x00000000fe000000, 0x00000000fe000000, 0x00000000fe100000|  0%| F|  |TAMS 0x00000000fe000000, 0x00000000fe000000| Untracked 
|  33|0x00000000fe100000, 0x00000000fe100000, 0x00000000fe200000|  0%| F|  |TAMS 0x00000000fe100000, 0x00000000fe100000| Untracked 
|  34|0x00000000fe200000, 0x00000000fe200000, 0x00000000fe300000|  0%| F|  |TAMS 0x00000000fe200000, 0x00000000fe200000| Untracked 
|  35|0x00000000fe300000, 0x00000000fe300000, 0x00000000fe400000|  0%| F|  |TAMS 0x00000000fe300000, 0x00000000fe300000| Untracked 
|  36|0x00000000fe400000, 0x00000000fe400000, 0x00000000fe500000|  0%| F|  |TAMS 0x00000000fe400000, 0x00000000fe400000| Untracked 
|  37|0x00000000fe500000, 0x00000000fe538400, 0x00000000fe600000| 21%| S|CS|TAMS 0x00000000fe500000, 0x00000000fe500000| Complete 
|  38|0x00000000fe600000, 0x00000000fe700000, 0x00000000fe700000|100%| S|CS|TAMS 0x00000000fe600000, 0x00000000fe600000| Complete 
|  39|0x00000000fe700000, 0x00000000fe700000, 0x00000000fe800000|  0%| F|  |TAMS 0x00000000fe700000, 0x00000000fe700000| Untracked 
|  40|0x00000000fe800000, 0x00000000fe800000, 0x00000000fe900000|  0%| F|  |TAMS 0x00000000fe800000, 0x00000000fe800000| Untracked 
|  41|0x00000000fe900000, 0x00000000fe900000, 0x00000000fea00000|  0%| F|  |TAMS 0x00000000fe900000, 0x00000000fe900000| Untracked 
|  42|0x00000000fea00000, 0x00000000fea00000, 0x00000000feb00000|  0%| F|  |TAMS 0x00000000fea00000, 0x00000000fea00000| Untracked 
|  43|0x00000000feb00000, 0x00000000feb00000, 0x00000000fec00000|  0%| F|  |TAMS 0x00000000feb00000, 0x00000000feb00000| Untracked 
|  44|0x00000000fec00000, 0x00000000fec00000, 0x00000000fed00000|  0%| F|  |TAMS 0x00000000fec00000, 0x00000000fec00000| Untracked 
|  45|0x00000000fed00000, 0x00000000fed00000, 0x00000000fee00000|  0%| F|  |TAMS 0x00000000fed00000, 0x00000000fed00000| Untracked 
|  46|0x00000000fee00000, 0x00000000fee00000, 0x00000000fef00000|  0%| F|  |TAMS 0x00000000fee00000, 0x00000000fee00000| Untracked 
|  47|0x00000000fef00000, 0x00000000fef00000, 0x00000000ff000000|  0%| F|  |TAMS 0x00000000fef00000, 0x00000000fef00000| Untracked 
|  48|0x00000000ff000000, 0x00000000ff000000, 0x00000000ff100000|  0%| F|  |TAMS 0x00000000ff000000, 0x00000000ff000000| Untracked 
|  49|0x00000000ff100000, 0x00000000ff100000, 0x00000000ff200000|  0%| F|  |TAMS 0x00000000ff100000, 0x00000000ff100000| Untracked 
|  50|0x00000000ff200000, 0x00000000ff200000, 0x00000000ff300000|  0%| F|  |TAMS 0x00000000ff200000, 0x00000000ff200000| Untracked 
|  51|0x00000000ff300000, 0x00000000ff300000, 0x00000000ff400000|  0%| F|  |TAMS 0x00000000ff300000, 0x00000000ff300000| Untracked 
|  52|0x00000000ff400000, 0x00000000ff400000, 0x00000000ff500000|  0%| F|  |TAMS 0x00000000ff400000, 0x00000000ff400000| Untracked 
|  53|0x00000000ff500000, 0x00000000ff500000, 0x00000000ff600000|  0%| F|  |TAMS 0x00000000ff500000, 0x00000000ff500000| Untracked 
|  54|0x00000000ff600000, 0x00000000ff600000, 0x00000000ff700000|  0%| F|  |TAMS 0x00000000ff600000, 0x00000000ff600000| Untracked 
|  55|0x00000000ff700000, 0x00000000ff700000, 0x00000000ff800000|  0%| F|  |TAMS 0x00000000ff700000, 0x00000000ff700000| Untracked 
|  56|0x00000000ff800000, 0x00000000ff800000, 0x00000000ff900000|  0%| F|  |TAMS 0x00000000ff800000, 0x00000000ff800000| Untracked 
|  57|0x00000000ff900000, 0x00000000ff900000, 0x00000000ffa00000|  0%| F|  |TAMS 0x00000000ff900000, 0x00000000ff900000| Untracked 
|  58|0x00000000ffa00000, 0x00000000ffa50638, 0x00000000ffb00000| 31%| E|  |TAMS 0x00000000ffa00000, 0x00000000ffa00000| Complete 
|  59|0x00000000ffb00000, 0x00000000ffc00000, 0x00000000ffc00000|100%| E|CS|TAMS 0x00000000ffb00000, 0x00000000ffb00000| Complete 
|  60|0x00000000ffc00000, 0x00000000ffd00000, 0x00000000ffd00000|100%| E|CS|TAMS 0x00000000ffc00000, 0x00000000ffc00000| Complete 
|  61|0x00000000ffd00000, 0x00000000ffe00000, 0x00000000ffe00000|100%| E|CS|TAMS 0x00000000ffd00000, 0x00000000ffd00000| Complete 
|  62|0x00000000ffe00000, 0x00000000fff00000, 0x00000000fff00000|100%| E|CS|TAMS 0x00000000ffe00000, 0x00000000ffe00000| Complete 
|  63|0x00000000fff00000, 0x0000000100000000, 0x0000000100000000|100%| E|CS|TAMS 0x00000000fff00000, 0x00000000fff00000| Complete 

Card table byte_map: [0x0000022ae8d30000,0x0000022ae8d50000] _byte_map_base: 0x0000022ae8550000

Marking Bits (Prev, Next): (CMBitMap*) 0x0000022ae8f1c8e0, (CMBitMap*) 0x0000022ae8f1c920
 Prev Bits: [0x0000022ae8d70000, 0x0000022ae8e70000)
 Next Bits: [0x0000022aff670000, 0x0000022aff770000)

Polling page: 0x0000022ae6d30000

Metaspace:

Usage:
  Non-class:      8.47 MB used.
      Class:      1.22 MB used.
       Both:      9.69 MB used.

Virtual space:
  Non-class space:       16.00 MB reserved,       8.62 MB ( 54%) committed,  2 nodes.
      Class space:        1.00 GB reserved,       1.31 MB ( <1%) committed,  1 nodes.
              Both:        1.02 GB reserved,       9.94 MB ( <1%) committed. 

Chunk freelists:
   Non-Class:  2.61 MB
       Class:  2.57 MB
        Both:  5.18 MB

MaxMetaspaceSize: 17179869184.00 GB
CompressedClassSpaceSize: 1.00 GB
 - commit_granule_bytes: 65536.
 - commit_granule_words: 8192.
 - virtual_space_node_default_size: 1048576.
 - enlarge_chunks_in_place: 1.
 - new_chunks_are_fully_committed: 0.
 - uncommit_free_chunks: 1.
 - use_allocation_guard: 0.
 - handle_deallocations: 1.


Internal statistics:

num_allocs_failed_limit: 0.
num_arena_births: 100.
num_arena_deaths: 0.
num_vsnodes_births: 3.
num_vsnodes_deaths: 0.
num_space_committed: 159.
num_space_uncommitted: 0.
num_chunks_returned_to_freelist: 0.
num_chunks_taken_from_freelist: 352.
num_chunk_merges: 0.
num_chunk_splits: 239.
num_chunks_enlarged: 199.
num_purges: 0.

CodeHeap 'non-profiled nmethods': size=120000Kb used=892Kb max_used=892Kb free=119107Kb
 bounds [0x0000022af8140000, 0x0000022af83b0000, 0x0000022aff670000]
CodeHeap 'profiled nmethods': size=120000Kb used=3819Kb max_used=3819Kb free=116180Kb
 bounds [0x0000022af0c10000, 0x0000022af0fd0000, 0x0000022af8140000]
CodeHeap 'non-nmethods': size=5760Kb used=1191Kb max_used=1234Kb free=4568Kb
 bounds [0x0000022af0670000, 0x0000022af08e0000, 0x0000022af0c10000]
 total_blobs=2514 nmethods=2025 adapters=402
 compilation: enabled
              stopped_count=0, restarted_count=0
 full_count=0

Compilation events (20 events):
Event: 478.588 Thread 0x0000022affcf5c00 nmethod 2021 0x0000022af0fc6890 code [0x0000022af0fc6a40, 0x0000022af0fc6c28]
Event: 481.496 Thread 0x0000022affcf5c00 2022       3       com.google.common.collect.Lists::reverse (55 bytes)
Event: 481.509 Thread 0x0000022affcf5c00 nmethod 2022 0x0000022af0fc6d10 code [0x0000022af0fc6fc0, 0x0000022af0fc82a8]
Event: 481.509 Thread 0x0000022affcf5c00 2023       3       com.google.common.collect.Lists$RandomAccessReverseList::<init> (6 bytes)
Event: 481.510 Thread 0x0000022affcf5c00 nmethod 2023 0x0000022af0fc8610 code [0x0000022af0fc8800, 0x0000022af0fc8d68]
Event: 481.510 Thread 0x0000022affcf5c00 2024       3       com.google.common.collect.Lists$ReverseList::<init> (16 bytes)
Event: 481.511 Thread 0x0000022affcf5c00 nmethod 2024 0x0000022af0fc8f10 code [0x0000022af0fc9100, 0x0000022af0fc9608]
Event: 481.512 Thread 0x0000022affcf5c00 2025       3       com.google.common.collect.Lists$ReverseList::iterator (5 bytes)
Event: 481.515 Thread 0x0000022affcf5c00 nmethod 2025 0x0000022af0fc9790 code [0x0000022af0fc9940, 0x0000022af0fc9be8]
Event: 481.515 Thread 0x0000022affcf5c00 2026       3       com.google.common.collect.Lists$ReverseList::listIterator (27 bytes)
Event: 481.521 Thread 0x0000022affcf5c00 nmethod 2026 0x0000022af0fc9d10 code [0x0000022af0fc9f20, 0x0000022af0fca5a8]
Event: 481.521 Thread 0x0000022affcf5c00 2027       3       com.google.common.collect.Lists$ReverseList::reversePosition (15 bytes)
Event: 481.521 Thread 0x0000022affcf5c00 nmethod 2027 0x0000022af0fca810 code [0x0000022af0fca9e0, 0x0000022af0fcad58]
Event: 523.581 Thread 0x0000022affca6270 2028       4       org.gradle.internal.logging.events.StyledTextOutputEvent$Span::equals (63 bytes)
Event: 523.657 Thread 0x0000022affca6270 nmethod 2028 0x0000022af821d790 code [0x0000022af821d920, 0x0000022af821db98]
Event: 527.813 Thread 0x0000022affca6270 2029       4       java.util.Collections$EmptyList::equals (25 bytes)
Event: 527.828 Thread 0x0000022affca6270 nmethod 2029 0x0000022af821dd10 code [0x0000022af821dea0, 0x0000022af821dfb8]
Event: 527.879 Thread 0x0000022affca6270 2031   !   4       sun.nio.cs.StreamEncoder::write (78 bytes)
Event: 527.943 Thread 0x0000022affca6270 nmethod 2031 0x0000022af821e090 code [0x0000022af821e280, 0x0000022af821eb28]
Event: 528.118 Thread 0x0000022affca6270 2032       4       org.gradle.internal.logging.console.WorkInProgressRenderer::renderNow (351 bytes)

GC Heap History (6 events):
Event: 1.706 GC heap before
{Heap before GC invocations=0 (full 0):
 garbage-first heap   total 65536K, used 15360K [0x00000000fc000000, 0x0000000100000000)
  region size 1024K, 13 young (13312K), 0 survivors (0K)
 Metaspace       used 1698K, committed 1856K, reserved 1056768K
  class space    used 140K, committed 192K, reserved 1048576K
}
Event: 1.717 GC heap after
{Heap after GC invocations=1 (full 0):
 garbage-first heap   total 65536K, used 2892K [0x00000000fc000000, 0x0000000100000000)
  region size 1024K, 2 young (2048K), 2 survivors (2048K)
 Metaspace       used 1698K, committed 1856K, reserved 1056768K
  class space    used 140K, committed 192K, reserved 1048576K
}
Event: 4.145 GC heap before
{Heap before GC invocations=1 (full 0):
 garbage-first heap   total 65536K, used 21324K [0x00000000fc000000, 0x0000000100000000)
  region size 1024K, 18 young (18432K), 2 survivors (2048K)
 Metaspace       used 5058K, committed 5248K, reserved 1056768K
  class space    used 648K, committed 704K, reserved 1048576K
}
Event: 4.158 GC heap after
{Heap after GC invocations=2 (full 0):
 garbage-first heap   total 65536K, used 9711K [0x00000000fc000000, 0x0000000100000000)
  region size 1024K, 3 young (3072K), 3 survivors (3072K)
 Metaspace       used 5058K, committed 5248K, reserved 1056768K
  class space    used 648K, committed 704K, reserved 1048576K
}
Event: 304.530 GC heap before
{Heap before GC invocations=2 (full 0):
 garbage-first heap   total 65536K, used 32239K [0x00000000fc000000, 0x0000000100000000)
  region size 1024K, 25 young (25600K), 3 survivors (3072K)
 Metaspace       used 9772K, committed 9920K, reserved 1064960K
  class space    used 1252K, committed 1344K, reserved 1048576K
}
Event: 304.763 GC heap after
{Heap after GC invocations=3 (full 0):
 garbage-first heap   total 65536K, used 11264K [0x00000000fc000000, 0x0000000100000000)
  region size 1024K, 2 young (2048K), 2 survivors (2048K)
 Metaspace       used 9772K, committed 9920K, reserved 1064960K
  class space    used 1252K, committed 1344K, reserved 1048576K
}

Deoptimization events (20 events):
Event: 25.070 Thread 0x0000022ae8efc810 Uncommon trap: trap_request=0xffffff45 fr.pc=0x0000022af81c7d84 relative=0x00000000000006c4
Event: 25.070 Thread 0x0000022ae8efc810 Uncommon trap: reason=unstable_if action=reinterpret pc=0x0000022af81c7d84 method=java.util.HashMap.putVal(ILjava/lang/Object;Ljava/lang/Object;ZZ)Ljava/lang/Object; @ 162 c2
Event: 25.070 Thread 0x0000022ae8efc810 DEOPT PACKING pc=0x0000022af81c7d84 sp=0x00000054ff2fa4a0
Event: 25.070 Thread 0x0000022ae8efc810 DEOPT UNPACKING pc=0x0000022af06bd72e sp=0x00000054ff2fa440 mode 2
Event: 294.521 Thread 0x0000022a8313a960 Uncommon trap: trap_request=0xffffff45 fr.pc=0x0000022af81d5ee4 relative=0x00000000000001a4
Event: 294.521 Thread 0x0000022a8313a960 Uncommon trap: reason=unstable_if action=reinterpret pc=0x0000022af81d5ee4 method=org.gradle.internal.logging.console.DefaultRedrawableLabel.redraw(Lorg/gradle/internal/logging/console/AnsiContext;)V @ 95 c2
Event: 294.521 Thread 0x0000022a8313a960 DEOPT PACKING pc=0x0000022af81d5ee4 sp=0x00000054809fe8c0
Event: 294.522 Thread 0x0000022a8313a960 DEOPT UNPACKING pc=0x0000022af06bd72e sp=0x00000054809fe870 mode 2
Event: 384.908 Thread 0x0000022a8313a960 Uncommon trap: trap_request=0xffffff45 fr.pc=0x0000022af81df850 relative=0x0000000000000450
Event: 384.909 Thread 0x0000022a8313a960 Uncommon trap: reason=unstable_if action=reinterpret pc=0x0000022af81df850 method=org.gradle.internal.logging.text.AbstractLineChoppingStyledTextOutput$2.execute(Lorg/gradle/internal/logging/text/AbstractLineChoppingStyledTextOutput$StateContext;)V @ 34 c
Event: 384.909 Thread 0x0000022a8313a960 DEOPT PACKING pc=0x0000022af81df850 sp=0x00000054809fe890
Event: 384.910 Thread 0x0000022a8313a960 DEOPT UNPACKING pc=0x0000022af06bd72e sp=0x00000054809fe718 mode 2
Event: 418.721 Thread 0x0000022a8313a960 DEOPT PACKING pc=0x0000022af0f2e1c7 sp=0x00000054809fe5f0
Event: 418.723 Thread 0x0000022a8313a960 DEOPT UNPACKING pc=0x0000022af06bdece sp=0x00000054809fdb68 mode 0
Event: 436.399 Thread 0x0000022a8313a960 DEOPT PACKING pc=0x0000022af0f2e1c7 sp=0x00000054809fe630
Event: 436.399 Thread 0x0000022a8313a960 DEOPT UNPACKING pc=0x0000022af06bdece sp=0x00000054809fdba8 mode 0
Event: 458.598 Thread 0x0000022a8313a960 Uncommon trap: trap_request=0xffffff45 fr.pc=0x0000022af8213f14 relative=0x0000000000000a34
Event: 458.600 Thread 0x0000022a8313a960 Uncommon trap: reason=unstable_if action=reinterpret pc=0x0000022af8213f14 method=java.util.HashMap.removeNode(ILjava/lang/Object;Ljava/lang/Object;ZZ)Ljava/util/HashMap$Node; @ 133 c2
Event: 458.600 Thread 0x0000022a8313a960 DEOPT PACKING pc=0x0000022af8213f14 sp=0x00000054809fe8b0
Event: 458.601 Thread 0x0000022a8313a960 DEOPT UNPACKING pc=0x0000022af06bd72e sp=0x00000054809fe7b8 mode 2

Classes unloaded (0 events):
No events

Classes redefined (0 events):
No events

Internal exceptions (20 events):
Event: 3.771 Thread 0x0000022ae8efc810 Exception <a 'java/lang/NoSuchMethodError'{0x00000000ff58ac48}: 'java.lang.Object java.lang.invoke.Invokers$Holder.invoker(java.lang.Object, java.lang.Object, java.lang.Object)'> (0x00000000ff58ac48) 
thrown [t:\workspace\open\src\hotspot\share\interpreter\linkResolver.cpp, line 790]
Event: 3.775 Thread 0x0000022ae8efc810 Exception <a 'java/lang/NoSuchMethodError'{0x00000000ff5951e8}: 'java.lang.Object java.lang.invoke.DirectMethodHandle$Holder.invokeStatic(java.lang.Object, java.lang.Object, int)'> (0x00000000ff5951e8) 
thrown [t:\workspace\open\src\hotspot\share\interpreter\linkResolver.cpp, line 790]
Event: 3.779 Thread 0x0000022ae8efc810 Exception <a 'java/lang/NoSuchMethodError'{0x00000000ff5a1310}: 'void java.lang.invoke.DelegatingMethodHandle$Holder.delegate(java.lang.Object, java.lang.Object, int, java.lang.Object)'> (0x00000000ff5a1310) 
thrown [t:\workspace\open\src\hotspot\share\interpreter\linkResolver.cpp, line 790]
Event: 3.782 Thread 0x0000022ae8efc810 Exception <a 'java/lang/NoSuchMethodError'{0x00000000ff5a57c0}: 'int java.lang.invoke.DirectMethodHandle$Holder.invokeSpecial(java.lang.Object, java.lang.Object, java.lang.Object)'> (0x00000000ff5a57c0) 
thrown [t:\workspace\open\src\hotspot\share\interpreter\linkResolver.cpp, line 790]
Event: 3.789 Thread 0x0000022ae8efc810 Exception <a 'java/lang/NoSuchMethodError'{0x00000000ff5b9290}: 'java.lang.Object java.lang.invoke.Invokers$Holder.invokeExact_MT(java.lang.Object, java.lang.Object, java.lang.Object, java.lang.Object)'> (0x00000000ff5b9290) 
thrown [t:\workspace\open\src\hotspot\share\interpreter\linkResolver.cpp, line 790]
Event: 4.221 Thread 0x0000022ae8efc810 Exception <a 'java/lang/NoSuchMethodError'{0x00000000fffd5e68}: 'java.lang.Object java.lang.invoke.DirectMethodHandle$Holder.invokeInterface(java.lang.Object, java.lang.Object, java.lang.Object)'> (0x00000000fffd5e68) 
thrown [t:\workspace\open\src\hotspot\share\interpreter\linkResolver.cpp, line 790]
Event: 4.315 Thread 0x0000022ae8efc810 Implicit null exception at 0x0000022af8195293 to 0x0000022af81956c0
Event: 4.315 Thread 0x0000022ae8efc810 Implicit null exception at 0x0000022af8179f13 to 0x0000022af817a354
Event: 4.473 Thread 0x0000022ae8efc810 Exception <a 'java/lang/NoSuchMethodError'{0x00000000ffd6b7e8}: 'java.lang.Object java.lang.invoke.DirectMethodHandle$Holder.invokeStatic(java.lang.Object)'> (0x00000000ffd6b7e8) 
thrown [t:\workspace\open\src\hotspot\share\interpreter\linkResolver.cpp, line 790]
Event: 4.517 Thread 0x0000022ae8efc810 Exception <a 'java/lang/NoSuchMethodError'{0x00000000ffd6f100}: 'java.lang.Object java.lang.invoke.DirectMethodHandle$Holder.invokeStaticInit(java.lang.Object)'> (0x00000000ffd6f100) 
thrown [t:\workspace\open\src\hotspot\share\interpreter\linkResolver.cpp, line 790]
Event: 4.576 Thread 0x0000022ae8efc810 Exception <a 'java/lang/NoSuchMethodError'{0x00000000ffd89410}: 'java.lang.Object java.lang.invoke.DirectMethodHandle$Holder.invokeInterface(java.lang.Object, java.lang.Object)'> (0x00000000ffd89410) 
thrown [t:\workspace\open\src\hotspot\share\interpreter\linkResolver.cpp, line 790]
Event: 4.579 Thread 0x0000022ae8efc810 Exception <a 'java/lang/NoSuchMethodError'{0x00000000ffd91d88}: 'java.lang.Object java.lang.invoke.DirectMethodHandle$Holder.invokeStaticInit(java.lang.Object, java.lang.Object, java.lang.Object)'> (0x00000000ffd91d88) 
thrown [t:\workspace\open\src\hotspot\share\interpreter\linkResolver.cpp, line 790]
Event: 4.928 Thread 0x0000022ae8efc810 Exception <a 'java/lang/NoSuchMethodError'{0x00000000ff9bda08}: 'java.lang.Object java.lang.invoke.DirectMethodHandle$Holder.invokeStaticInit(java.lang.Object, int, int, int, int)'> (0x00000000ff9bda08) 
thrown [t:\workspace\open\src\hotspot\share\interpreter\linkResolver.cpp, line 790]
Event: 5.715 Thread 0x0000022ae8efc810 Exception <a 'java/lang/NoSuchMethodError'{0x00000000ff9eefb0}: 'java.lang.Object java.lang.invoke.DirectMethodHandle$Holder.invokeStaticInit(java.lang.Object, java.lang.Object, int, int, int, int)'> (0x00000000ff9eefb0) 
thrown [t:\workspace\open\src\hotspot\share\interpreter\linkResolver.cpp, line 790]
Event: 7.772 Thread 0x0000022ae8efc810 Exception <a 'java/lang/NoSuchMethodError'{0x00000000ff821c88}: 'void java.lang.invoke.DirectMethodHandle$Holder.invokeStatic(java.lang.Object, java.lang.Object, java.lang.Object)'> (0x00000000ff821c88) 
thrown [t:\workspace\open\src\hotspot\share\interpreter\linkResolver.cpp, line 790]
Event: 8.128 Thread 0x0000022a833f8e90 Exception <a 'java/lang/NoSuchMethodError'{0x00000000ff07c748}: 'void java.lang.invoke.DirectMethodHandle$Holder.invokeStatic(java.lang.Object, long)'> (0x00000000ff07c748) 
thrown [t:\workspace\open\src\hotspot\share\interpreter\linkResolver.cpp, line 790]
Event: 8.130 Thread 0x0000022a833f8e90 Exception <a 'java/lang/NoSuchMethodError'{0x00000000ff082028}: 'java.lang.Object java.lang.invoke.DirectMethodHandle$Holder.newInvokeSpecial(java.lang.Object, long)'> (0x00000000ff082028) 
thrown [t:\workspace\open\src\hotspot\share\interpreter\linkResolver.cpp, line 790]
Event: 8.134 Thread 0x0000022a833f8e90 Exception <a 'java/lang/NoSuchMethodError'{0x00000000ff08cf40}: 'java.lang.Object java.lang.invoke.DirectMethodHandle$Holder.invokeStaticInit(java.lang.Object, java.lang.Object, long, java.lang.Object)'> (0x00000000ff08cf40) 
thrown [t:\workspace\open\src\hotspot\share\interpreter\linkResolver.cpp, line 790]
Event: 8.135 Thread 0x0000022a833f8e90 Exception <a 'java/lang/NoSuchMethodError'{0x00000000ff093918}: 'java.lang.Object java.lang.invoke.DirectMethodHandle$Holder.newInvokeSpecial(java.lang.Object, java.lang.Object, long)'> (0x00000000ff093918) 
thrown [t:\workspace\open\src\hotspot\share\interpreter\linkResolver.cpp, line 790]
Event: 8.136 Thread 0x0000022a833f8e90 Exception <a 'java/lang/NoSuchMethodError'{0x00000000ff097d18}: 'java.lang.Object java.lang.invoke.Invokers$Holder.linkToTargetMethod(java.lang.Object, long, java.lang.Object)'> (0x00000000ff097d18) 
thrown [t:\workspace\open\src\hotspot\share\interpreter\linkResolver.cpp, line 790]

Events (20 events):
Event: 434.837 Executing  VM operation: Cleanup
Event: 434.838 Executing  VM operation: Cleanup done
Event: 435.839 Executing  VM operation: Cleanup
Event: 435.839 Executing  VM operation: Cleanup done
Event: 447.941 Executing  VM operation: Cleanup
Event: 447.943 Executing  VM operation: Cleanup done
Event: 451.977 Executing  VM operation: Cleanup
Event: 451.977 Executing  VM operation: Cleanup done
Event: 458.041 Executing  VM operation: Cleanup
Event: 458.041 Executing  VM operation: Cleanup done
Event: 459.056 Executing  VM operation: Cleanup
Event: 459.056 Executing  VM operation: Cleanup done
Event: 461.070 Executing  VM operation: Cleanup
Event: 461.070 Executing  VM operation: Cleanup done
Event: 462.070 Executing  VM operation: Cleanup
Event: 462.071 Executing  VM operation: Cleanup done
Event: 483.225 Executing  VM operation: Cleanup
Event: 483.252 Executing  VM operation: Cleanup done
Event: 525.558 Executing  VM operation: Cleanup
Event: 525.562 Executing  VM operation: Cleanup done


Dynamic libraries:
0x00007ff773020000 - 0x00007ff773030000 	C:\Program Files\Java\jdk-16\bin\java.exe
0x00007ffb65a70000 - 0x00007ffb65c68000 	C:\windows\SYSTEM32\ntdll.dll
0x00007ffb64300000 - 0x00007ffb643bf000 	C:\windows\System32\KERNEL32.DLL
0x00007ffb63160000 - 0x00007ffb63432000 	C:\windows\System32\KERNELBASE.dll
0x00007ffb63900000 - 0x00007ffb63a00000 	C:\windows\System32\ucrtbase.dll
0x00007ffb2b7d0000 - 0x00007ffb2b7e8000 	C:\Program Files\Java\jdk-16\bin\jli.dll
0x00007ffb652c0000 - 0x00007ffb6536e000 	C:\windows\System32\ADVAPI32.dll
0x00007ffb64d80000 - 0x00007ffb64e1e000 	C:\windows\System32\msvcrt.dll
0x00007ffb65930000 - 0x00007ffb659cc000 	C:\windows\System32\sechost.dll
0x00007ffb65630000 - 0x00007ffb65755000 	C:\windows\System32\RPCRT4.dll
0x00007ffb65480000 - 0x00007ffb65621000 	C:\windows\System32\USER32.dll
0x00007ffb638d0000 - 0x00007ffb638f2000 	C:\windows\System32\win32u.dll
0x00007ffb64200000 - 0x00007ffb6422b000 	C:\windows\System32\GDI32.dll
0x00007ffb635c0000 - 0x00007ffb636cf000 	C:\windows\System32\gdi32full.dll
0x00007ffb63830000 - 0x00007ffb638cd000 	C:\windows\System32\msvcp_win.dll
0x00007ffb2b280000 - 0x00007ffb2b299000 	C:\Program Files\Java\jdk-16\bin\VCRUNTIME140.dll
0x00007ffb4cc20000 - 0x00007ffb4ceba000 	C:\windows\WinSxS\amd64_microsoft.windows.common-controls_6595b64144ccf1df_6.0.19041.1110_none_60b5254171f9507e\COMCTL32.dll
0x00007ffb5b700000 - 0x00007ffb5b70a000 	C:\windows\SYSTEM32\VERSION.dll
0x00007ffb657d0000 - 0x00007ffb65802000 	C:\windows\System32\IMM32.DLL
0x00007ffb4cbe0000 - 0x00007ffb4cbec000 	C:\Program Files\Java\jdk-16\bin\vcruntime140_1.dll
0x00007ffb17720000 - 0x00007ffb177b1000 	C:\Program Files\Java\jdk-16\bin\msvcp140.dll
0x00007ffb16220000 - 0x00007ffb16dcb000 	C:\Program Files\Java\jdk-16\bin\server\jvm.dll
0x00007ffb64e20000 - 0x00007ffb64e28000 	C:\windows\System32\PSAPI.DLL
0x00007ffb4c3e0000 - 0x00007ffb4c3e9000 	C:\windows\SYSTEM32\WSOCK32.dll
0x00007ffb65760000 - 0x00007ffb657cb000 	C:\windows\System32\WS2_32.dll
0x00007ffb5b6d0000 - 0x00007ffb5b6f7000 	C:\windows\SYSTEM32\WINMM.dll
0x00007ffb61020000 - 0x00007ffb61032000 	C:\windows\SYSTEM32\kernel.appcore.dll
0x00007ffb47540000 - 0x00007ffb4754a000 	C:\Program Files\Java\jdk-16\bin\jimage.dll
0x00007ffb4d100000 - 0x00007ffb4d2e4000 	C:\windows\SYSTEM32\DBGHELP.DLL
0x00007ffb48bf0000 - 0x00007ffb48c25000 	C:\windows\SYSTEM32\dbgcore.DLL
0x00007ffb63490000 - 0x00007ffb63512000 	C:\windows\System32\bcryptPrimitives.dll
0x00007ffb26360000 - 0x00007ffb26385000 	C:\Program Files\Java\jdk-16\bin\java.dll
0x00007ffb63ab0000 - 0x00007ffb641f4000 	C:\windows\System32\SHELL32.dll
0x00007ffb61220000 - 0x00007ffb619b2000 	C:\windows\SYSTEM32\windows.storage.dll
0x00007ffb64e30000 - 0x00007ffb65185000 	C:\windows\System32\combase.dll
0x00007ffb62ae0000 - 0x00007ffb62b10000 	C:\windows\SYSTEM32\Wldp.dll
0x00007ffb64a10000 - 0x00007ffb64abd000 	C:\windows\System32\SHCORE.dll
0x00007ffb659d0000 - 0x00007ffb65a25000 	C:\windows\System32\shlwapi.dll
0x00007ffb630a0000 - 0x00007ffb630bf000 	C:\windows\SYSTEM32\profapi.dll
0x00007ffb2c780000 - 0x00007ffb2c799000 	C:\Program Files\Java\jdk-16\bin\net.dll
0x00007ffb576c0000 - 0x00007ffb577cc000 	C:\windows\SYSTEM32\WINHTTP.dll
0x00007ffb62840000 - 0x00007ffb628aa000 	C:\windows\system32\mswsock.dll
0x00007ffb2c760000 - 0x00007ffb2c773000 	C:\Program Files\Java\jdk-16\bin\nio.dll
0x00007ffb2c740000 - 0x00007ffb2c758000 	C:\Program Files\Java\jdk-16\bin\zip.dll
0x00007ffb5cab0000 - 0x00007ffb5cac0000 	C:\Program Files\Java\jdk-16\bin\verify.dll
0x00007ffb583c0000 - 0x00007ffb583e7000 	C:\Users\Sahil Patil\.gradle\native\e1d6ef7f7dcc3fd88c89a11ec53ec762bb8ba0a96d01ffa2cd45eb1d1d8dd5c5\windows-amd64\native-platform.dll
0x00007ffb5c9c0000 - 0x00007ffb5c9ca000 	C:\Users\Sahil Patil\.gradle\native\jansi\1.18\windows64\jansi.dll
0x00007ffb2d7b0000 - 0x00007ffb2d7b9000 	C:\Program Files\Java\jdk-16\bin\management.dll
0x00007ffb2d7a0000 - 0x00007ffb2d7ab000 	C:\Program Files\Java\jdk-16\bin\management_ext.dll
0x00007ffb62a30000 - 0x00007ffb62a48000 	C:\windows\SYSTEM32\CRYPTSP.dll
0x00007ffb62160000 - 0x00007ffb62194000 	C:\windows\system32\rsaenh.dll
0x00007ffb63520000 - 0x00007ffb63547000 	C:\windows\System32\bcrypt.dll
0x00007ffb63020000 - 0x00007ffb6304e000 	C:\windows\SYSTEM32\USERENV.dll
0x00007ffb62a50000 - 0x00007ffb62a5c000 	C:\windows\SYSTEM32\CRYPTBASE.dll
0x00007ffb62530000 - 0x00007ffb6256b000 	C:\windows\SYSTEM32\IPHLPAPI.DLL
0x00007ffb649a0000 - 0x00007ffb649a8000 	C:\windows\System32\NSI.dll
0x00007ffb5b9c0000 - 0x00007ffb5b9d7000 	C:\windows\SYSTEM32\dhcpcsvc6.DLL
0x00007ffb5b540000 - 0x00007ffb5b55d000 	C:\windows\SYSTEM32\dhcpcsvc.DLL
0x00007ffb62570000 - 0x00007ffb6263a000 	C:\windows\SYSTEM32\DNSAPI.dll
0x00007ffb2d730000 - 0x00007ffb2d73e000 	C:\Program Files\Java\jdk-16\bin\sunmscapi.dll
0x00007ffb636d0000 - 0x00007ffb63826000 	C:\windows\System32\CRYPT32.dll
0x00007ffb62b50000 - 0x00007ffb62b77000 	C:\windows\SYSTEM32\ncrypt.dll
0x00007ffb62b10000 - 0x00007ffb62b4b000 	C:\windows\SYSTEM32\NTASN1.dll
0x00007ffb2d7c0000 - 0x00007ffb2d7c7000 	C:\windows\system32\wshunix.dll

dbghelp: loaded successfully - version: 4.0.5 - missing functions: none
symbol engine: initialized successfully - sym options: 0x614 - pdb path: .;C:\Program Files\Java\jdk-16\bin;C:\windows\SYSTEM32;C:\windows\WinSxS\amd64_microsoft.windows.common-controls_6595b64144ccf1df_6.0.19041.1110_none_60b5254171f9507e;C:\Program Files\Java\jdk-16\bin\server;C:\Users\Sahil Patil\.gradle\native\e1d6ef7f7dcc3fd88c89a11ec53ec762bb8ba0a96d01ffa2cd45eb1d1d8dd5c5\windows-amd64;C:\Users\Sahil Patil\.gradle\native\jansi\1.18\windows64

VM Arguments:
jvm_args: -Xmx64m -Xms64m -Dorg.gradle.appname=gradlew 
java_command: org.gradle.wrapper.GradleWrapperMain app:installDebug -PreactNativeDevServerPort=8081
java_class_path (initial): C:\Users\Sahil Patil\Documents\Programming\ChatBot\android\\gradle\wrapper\gradle-wrapper.jar
Launcher Type: SUN_STANDARD

[Global flags]
     intx CICompilerCount                          = 3                                         {product} {ergonomic}
     uint ConcGCThreads                            = 1                                         {product} {ergonomic}
     uint G1ConcRefinementThreads                  = 4                                         {product} {ergonomic}
   size_t G1HeapRegionSize                         = 1048576                                   {product} {ergonomic}
    uintx GCDrainStackTargetSize                   = 64                                        {product} {ergonomic}
   size_t InitialHeapSize                          = 67108864                                  {product} {command line}
   size_t MarkStackSize                            = 4194304                                   {product} {ergonomic}
   size_t MaxHeapSize                              = 67108864                                  {product} {command line}
   size_t MaxNewSize                               = 39845888                                  {product} {ergonomic}
   size_t MinHeapDeltaBytes                        = 1048576                                   {product} {ergonomic}
   size_t MinHeapSize                              = 67108864                                  {product} {command line}
    uintx NonNMethodCodeHeapSize                   = 5832780                                {pd product} {ergonomic}
    uintx NonProfiledCodeHeapSize                  = 122912730                              {pd product} {ergonomic}
    uintx ProfiledCodeHeapSize                     = 122912730                              {pd product} {ergonomic}
    uintx ReservedCodeCacheSize                    = 251658240                              {pd product} {ergonomic}
     bool SegmentedCodeCache                       = true                                      {product} {ergonomic}
   size_t SoftMaxHeapSize                          = 67108864                               {manageable} {ergonomic}
     bool UseCompressedClassPointers               = true                           {product lp64_product} {ergonomic}
     bool UseCompressedOops                        = true                           {product lp64_product} {ergonomic}
     bool UseG1GC                                  = true                                      {product} {ergonomic}
     bool UseLargePagesIndividualAllocation        = false                                  {pd product} {ergonomic}

Logging:
Log output configuration:
 #0: stdout all=warning uptime,level,tags
 #1: stderr all=off uptime,level,tags

Environment Variables:
CLASSPATH=C:\Users\Sahil Patil\Documents\Programming\ChatBot\android\\gradle\wrapper\gradle-wrapper.jar
PATH=C:\Users\Sahil Patil\Documents\Programming\ChatBot\android\node_modules\.bin;C:\Users\Sahil Patil\Documents\Programming\ChatBot\node_modules\.bin;C:\Users\Sahil Patil\Documents\Programming\node_modules\.bin;C:\Users\Sahil Patil\Documents\node_modules\.bin;C:\Users\Sahil Patil\node_modules\.bin;C:\Users\node_modules\.bin;C:\node_modules\.bin;C:\Program Files\nodejs;C:\php-8.1.3-nts-Win32-vs16-x64;C:\Program Files\Common Files\Oracle\Java\javapath;C:\windows\system32;C:\windows;C:\windows\System32\Wbem;C:\windows\System32\WindowsPowerShell\v1.0\;C:\windows\System32\OpenSSH\;C:\MinGW\bin;C:\php-7.4.11;C:\Program Files\Git\cmd;C:\Program Files\dotnet\;C:\php;C:\Program Files (x86)\dotnet\;C:\Program Files\nodejs\;C:\Users\Sahil Patil\AppData\Local\Programs\Python\Python310\Scripts\;C:\Users\Sahil Patil\AppData\Local\Programs\Python\Python310\;C:\Program Files\aircrack-ng-1.6-win\aircrack-ng-1.6-win\bin;C:\Users\Sahil Patil\AppData\Local\Programs\Microsoft VS Code\bin;C:\Users\Sahil Patil\AppData\Roaming\npm;C:\Users\Sahil Patil\AppData\Local\Android\Sdk;C:\Users\Sahil Patil\AppData\Local\Android\Sdk\platform-tools;C:\Program Files\R\R-4.2.2\bin;C:\Users\Sahil Patil\AppData\Local\Programs\Python\Python310\Scripts\;C:\Users\Sahil Patil\AppData\Local\Programs\Python\Python310\;C:\Program Files\aircrack-ng-1.6-win\aircrack-ng-1.6-win\bin;C:\Users\Sahil Patil\AppData\Local\Programs\Microsoft VS Code\bin;C:\php-8.1.3-nts-Win32-vs16-x64;
USERNAME=Sahil Patil
LANG=en_US.UTF-8
OS=Windows_NT
PROCESSOR_IDENTIFIER=AMD64 Family 23 Model 24 Stepping 1, AuthenticAMD



---------------  S Y S T E M  ---------------

OS:
 Windows 10 , 64 bit Build 19041 (10.0.19041.2364)
OS uptime: 0 days 21:32 hours

CPU: total 4 (initial active 4) (4 cores per cpu, 2 threads per core) family 23 model 24 stepping 1 microcode 0x0, cx8, cmov, fxsr, ht, mmx, 3dnowpref, sse, sse2, sse3, ssse3, sse4a, sse4.1, sse4.2, popcnt, lzcnt, tsc, tscinvbit, avx, avx2, aes, clmul, bmi1, bmi2, adx, sha, fma, vzeroupper, clflush, clflushopt

Memory: 4k page, system-wide physical 3500M (39M free)
TotalPageFile size 14252M (AvailPageFile size 7M)
current process WorkingSet (physical memory assigned to process): 18M, peak: 80M
current process commit charge ("private bytes"): 159M, peak: 180M

vm_info: Java HotSpot(TM) 64-Bit Server VM (16+36-2231) for windows-amd64 JRE (16+36-2231), built on Feb  8 2021 11:43:10 by "mach5one" with MS VC++ 16.7 (VS2019)

END.
